[Licensing::Module] Successfully connected to LicensingClient on channel: "LicenseClient-Alexandre" (connect: 0.00s, validation: 0.01s, handshake: 2.25s)
Entitlement-based licensing initiated
[LicensingClient] Licenses updated successfully

LICENSE SYSTEM [2021425 6:6:42] Next license update check is after 2021-04-24T08:47:55


LICENSE SYSTEM [2021425 6:6:42] Current license is already valid and activated. Skipping license activation process (Provided username/password will be ignored).
Built from '2020.3/release' branch; Version is '2020.3.1f1 (77a89f25062f) revision 7841951'; Using compiler version '192528614'; Build Type 'Release'
OS: 'Windows 10 Pro; OS build 19042.928; Version 2009; 64bit' Language: 'fr' Physical Memory: 16319 MB
[Licensing::Module] Serial number assigned to: "F4-UUTJ-W8U7-N29T-CMMC-XXXX"
BatchMode: 1, IsHumanControllingUs: 0, StartBugReporterOnCrash: 0, Is64bit: 1, IsPro: 0
[Package Manager] Server::Start -- Port 62270 was selected

 COMMAND LINE ARGUMENTS:
unity.exe
-quit
-batchmode
-projectPath
./../../../../LudumDare48_clone\
-executeMethod
Builder.BuildWebGL
-logfile
editor.log
Successfully changed project path to: E:/1 - Works/Unity/LudumDare48/LudumDare48_clone/
E:/1 - Works/Unity/LudumDare48/LudumDare48_clone
Using Asset Import Pipeline V2.
[Package Manager] Restoring resolved packages state from cache
[Package Manager] Done checking package constraints in 0.00s seconds
[Package Manager] 
Registered 70 packages:
  Packages from [https://packages.unity.com]:
    com.unity.2d.animation@5.0.4 (location: E:\1 - Works\Unity\LudumDare48\LudumDare48_clone\Library\PackageCache\com.unity.2d.animation@5.0.4)
    com.unity.2d.pixel-perfect@4.0.1 (location: E:\1 - Works\Unity\LudumDare48\LudumDare48_clone\Library\PackageCache\com.unity.2d.pixel-perfect@4.0.1)
    com.unity.2d.psdimporter@4.0.2 (location: E:\1 - Works\Unity\LudumDare48\LudumDare48_clone\Library\PackageCache\com.unity.2d.psdimporter@4.0.2)
    com.unity.2d.spriteshape@5.1.1 (location: E:\1 - Works\Unity\LudumDare48\LudumDare48_clone\Library\PackageCache\com.unity.2d.spriteshape@5.1.1)
    com.unity.2d.tilemap.extras@1.6.4-preview (location: E:\1 - Works\Unity\LudumDare48\LudumDare48_clone\Library\PackageCache\com.unity.2d.tilemap.extras@1.6.4-preview)
    com.unity.burst@1.4.7 (location: E:\1 - Works\Unity\LudumDare48\LudumDare48_clone\Library\PackageCache\com.unity.burst@1.4.7)
    com.unity.cinemachine@2.6.4 (location: E:\1 - Works\Unity\LudumDare48\LudumDare48_clone\Library\PackageCache\com.unity.cinemachine@2.6.4)
    com.unity.collab-proxy@1.3.9 (location: E:\1 - Works\Unity\LudumDare48\LudumDare48_clone\Library\PackageCache\com.unity.collab-proxy@1.3.9)
    com.unity.connect.share@4.2.2 (location: E:\1 - Works\Unity\LudumDare48\LudumDare48_clone\Library\PackageCache\com.unity.connect.share@4.2.2)
    com.unity.ide.rider@2.0.7 (location: E:\1 - Works\Unity\LudumDare48\LudumDare48_clone\Library\PackageCache\com.unity.ide.rider@2.0.7)
    com.unity.ide.visualstudio@2.0.7 (location: E:\1 - Works\Unity\LudumDare48\LudumDare48_clone\Library\PackageCache\com.unity.ide.visualstudio@2.0.7)
    com.unity.ide.vscode@1.2.3 (location: E:\1 - Works\Unity\LudumDare48\LudumDare48_clone\Library\PackageCache\com.unity.ide.vscode@1.2.3)
    com.unity.inputsystem@1.0.2 (location: E:\1 - Works\Unity\LudumDare48\LudumDare48_clone\Library\PackageCache\com.unity.inputsystem@1.0.2)
    com.unity.performance.profile-analyzer@1.0.3 (location: E:\1 - Works\Unity\LudumDare48\LudumDare48_clone\Library\PackageCache\com.unity.performance.profile-analyzer@1.0.3)
    com.unity.postprocessing@3.0.3 (location: E:\1 - Works\Unity\LudumDare48\LudumDare48_clone\Library\PackageCache\com.unity.postprocessing@3.0.3)
    com.unity.quicksearch@2.0.2 (location: E:\1 - Works\Unity\LudumDare48\LudumDare48_clone\Library\PackageCache\com.unity.quicksearch@2.0.2)
    com.unity.render-pipelines.universal@10.3.2 (location: E:\1 - Works\Unity\LudumDare48\LudumDare48_clone\Library\PackageCache\com.unity.render-pipelines.universal@10.3.2)
    com.unity.scriptablebuildpipeline@1.14.1 (location: E:\1 - Works\Unity\LudumDare48\LudumDare48_clone\Library\PackageCache\com.unity.scriptablebuildpipeline@1.14.1)
    com.unity.shadergraph@10.3.2 (location: E:\1 - Works\Unity\LudumDare48\LudumDare48_clone\Library\PackageCache\com.unity.shadergraph@10.3.2)
    com.unity.test-framework@1.1.22 (location: E:\1 - Works\Unity\LudumDare48\LudumDare48_clone\Library\PackageCache\com.unity.test-framework@1.1.22)
    com.unity.textmeshpro@3.0.6 (location: E:\1 - Works\Unity\LudumDare48\LudumDare48_clone\Library\PackageCache\com.unity.textmeshpro@3.0.6)
    com.unity.timeline@1.4.6 (location: E:\1 - Works\Unity\LudumDare48\LudumDare48_clone\Library\PackageCache\com.unity.timeline@1.4.6)
    com.unity.toolchain.win-x86_64-linux-x86_64@0.1.19-preview (location: E:\1 - Works\Unity\LudumDare48\LudumDare48_clone\Library\PackageCache\com.unity.toolchain.win-x86_64-linux-x86_64@0.1.19-preview)
    com.unity.sysroot@0.1.19-preview (location: E:\1 - Works\Unity\LudumDare48\LudumDare48_clone\Library\PackageCache\com.unity.sysroot@0.1.19-preview)
    com.unity.sysroot.linux-x86_64@0.1.14-preview (location: E:\1 - Works\Unity\LudumDare48\LudumDare48_clone\Library\PackageCache\com.unity.sysroot.linux-x86_64@0.1.14-preview)
    com.unity.ext.nunit@1.0.6 (location: E:\1 - Works\Unity\LudumDare48\LudumDare48_clone\Library\PackageCache\com.unity.ext.nunit@1.0.6)
    com.unity.render-pipelines.core@10.3.2 (location: E:\1 - Works\Unity\LudumDare48\LudumDare48_clone\Library\PackageCache\com.unity.render-pipelines.core@10.3.2)
    com.unity.searcher@4.3.1 (location: E:\1 - Works\Unity\LudumDare48\LudumDare48_clone\Library\PackageCache\com.unity.searcher@4.3.1)
    com.unity.editorcoroutines@1.0.0 (location: E:\1 - Works\Unity\LudumDare48\LudumDare48_clone\Library\PackageCache\com.unity.editorcoroutines@1.0.0)
    com.unity.settings-manager@1.0.2 (location: E:\1 - Works\Unity\LudumDare48\LudumDare48_clone\Library\PackageCache\com.unity.settings-manager@1.0.2)
    com.unity.mathematics@1.2.1 (location: E:\1 - Works\Unity\LudumDare48\LudumDare48_clone\Library\PackageCache\com.unity.mathematics@1.2.1)
    com.unity.2d.common@4.0.3 (location: E:\1 - Works\Unity\LudumDare48\LudumDare48_clone\Library\PackageCache\com.unity.2d.common@4.0.3)
    com.unity.2d.path@4.0.1 (location: E:\1 - Works\Unity\LudumDare48\LudumDare48_clone\Library\PackageCache\com.unity.2d.path@4.0.1)
  Built-in packages:
    com.unity.2d.sprite@1.0.0 (location: E:\1 - Works\Unity\2020.3.1f1\Editor\Data\Resources\PackageManager\BuiltInPackages\com.unity.2d.sprite)
    com.unity.2d.tilemap@1.0.0 (location: E:\1 - Works\Unity\2020.3.1f1\Editor\Data\Resources\PackageManager\BuiltInPackages\com.unity.2d.tilemap)
    com.unity.ugui@1.0.0 (location: E:\1 - Works\Unity\2020.3.1f1\Editor\Data\Resources\PackageManager\BuiltInPackages\com.unity.ugui)
    com.unity.modules.ai@1.0.0 (location: E:\1 - Works\Unity\2020.3.1f1\Editor\Data\Resources\PackageManager\BuiltInPackages\com.unity.modules.ai)
    com.unity.modules.androidjni@1.0.0 (location: E:\1 - Works\Unity\2020.3.1f1\Editor\Data\Resources\PackageManager\BuiltInPackages\com.unity.modules.androidjni)
    com.unity.modules.animation@1.0.0 (location: E:\1 - Works\Unity\2020.3.1f1\Editor\Data\Resources\PackageManager\BuiltInPackages\com.unity.modules.animation)
    com.unity.modules.assetbundle@1.0.0 (location: E:\1 - Works\Unity\2020.3.1f1\Editor\Data\Resources\PackageManager\BuiltInPackages\com.unity.modules.assetbundle)
    com.unity.modules.audio@1.0.0 (location: E:\1 - Works\Unity\2020.3.1f1\Editor\Data\Resources\PackageManager\BuiltInPackages\com.unity.modules.audio)
    com.unity.modules.cloth@1.0.0 (location: E:\1 - Works\Unity\2020.3.1f1\Editor\Data\Resources\PackageManager\BuiltInPackages\com.unity.modules.cloth)
    com.unity.modules.director@1.0.0 (location: E:\1 - Works\Unity\2020.3.1f1\Editor\Data\Resources\PackageManager\BuiltInPackages\com.unity.modules.director)
    com.unity.modules.imageconversion@1.0.0 (location: E:\1 - Works\Unity\2020.3.1f1\Editor\Data\Resources\PackageManager\BuiltInPackages\com.unity.modules.imageconversion)
    com.unity.modules.imgui@1.0.0 (location: E:\1 - Works\Unity\2020.3.1f1\Editor\Data\Resources\PackageManager\BuiltInPackages\com.unity.modules.imgui)
    com.unity.modules.jsonserialize@1.0.0 (location: E:\1 - Works\Unity\2020.3.1f1\Editor\Data\Resources\PackageManager\BuiltInPackages\com.unity.modules.jsonserialize)
    com.unity.modules.particlesystem@1.0.0 (location: E:\1 - Works\Unity\2020.3.1f1\Editor\Data\Resources\PackageManager\BuiltInPackages\com.unity.modules.particlesystem)
    com.unity.modules.physics@1.0.0 (location: E:\1 - Works\Unity\2020.3.1f1\Editor\Data\Resources\PackageManager\BuiltInPackages\com.unity.modules.physics)
    com.unity.modules.physics2d@1.0.0 (location: E:\1 - Works\Unity\2020.3.1f1\Editor\Data\Resources\PackageManager\BuiltInPackages\com.unity.modules.physics2d)
    com.unity.modules.screencapture@1.0.0 (location: E:\1 - Works\Unity\2020.3.1f1\Editor\Data\Resources\PackageManager\BuiltInPackages\com.unity.modules.screencapture)
    com.unity.modules.terrain@1.0.0 (location: E:\1 - Works\Unity\2020.3.1f1\Editor\Data\Resources\PackageManager\BuiltInPackages\com.unity.modules.terrain)
    com.unity.modules.terrainphysics@1.0.0 (location: E:\1 - Works\Unity\2020.3.1f1\Editor\Data\Resources\PackageManager\BuiltInPackages\com.unity.modules.terrainphysics)
    com.unity.modules.tilemap@1.0.0 (location: E:\1 - Works\Unity\2020.3.1f1\Editor\Data\Resources\PackageManager\BuiltInPackages\com.unity.modules.tilemap)
    com.unity.modules.ui@1.0.0 (location: E:\1 - Works\Unity\2020.3.1f1\Editor\Data\Resources\PackageManager\BuiltInPackages\com.unity.modules.ui)
    com.unity.modules.uielements@1.0.0 (location: E:\1 - Works\Unity\2020.3.1f1\Editor\Data\Resources\PackageManager\BuiltInPackages\com.unity.modules.uielements)
    com.unity.modules.umbra@1.0.0 (location: E:\1 - Works\Unity\2020.3.1f1\Editor\Data\Resources\PackageManager\BuiltInPackages\com.unity.modules.umbra)
    com.unity.modules.unityanalytics@1.0.0 (location: E:\1 - Works\Unity\2020.3.1f1\Editor\Data\Resources\PackageManager\BuiltInPackages\com.unity.modules.unityanalytics)
    com.unity.modules.unitywebrequest@1.0.0 (location: E:\1 - Works\Unity\2020.3.1f1\Editor\Data\Resources\PackageManager\BuiltInPackages\com.unity.modules.unitywebrequest)
    com.unity.modules.unitywebrequestassetbundle@1.0.0 (location: E:\1 - Works\Unity\2020.3.1f1\Editor\Data\Resources\PackageManager\BuiltInPackages\com.unity.modules.unitywebrequestassetbundle)
    com.unity.modules.unitywebrequestaudio@1.0.0 (location: E:\1 - Works\Unity\2020.3.1f1\Editor\Data\Resources\PackageManager\BuiltInPackages\com.unity.modules.unitywebrequestaudio)
    com.unity.modules.unitywebrequesttexture@1.0.0 (location: E:\1 - Works\Unity\2020.3.1f1\Editor\Data\Resources\PackageManager\BuiltInPackages\com.unity.modules.unitywebrequesttexture)
    com.unity.modules.unitywebrequestwww@1.0.0 (location: E:\1 - Works\Unity\2020.3.1f1\Editor\Data\Resources\PackageManager\BuiltInPackages\com.unity.modules.unitywebrequestwww)
    com.unity.modules.vehicles@1.0.0 (location: E:\1 - Works\Unity\2020.3.1f1\Editor\Data\Resources\PackageManager\BuiltInPackages\com.unity.modules.vehicles)
    com.unity.modules.video@1.0.0 (location: E:\1 - Works\Unity\2020.3.1f1\Editor\Data\Resources\PackageManager\BuiltInPackages\com.unity.modules.video)
    com.unity.modules.vr@1.0.0 (location: E:\1 - Works\Unity\2020.3.1f1\Editor\Data\Resources\PackageManager\BuiltInPackages\com.unity.[Subsystems] No new subsystems found in resolved package list.
Package Manager log level set to [2]
[Package Manager] Done registering packages in 0.08s seconds
[Package Manager] Done resolving packages in 6.26s seconds
[Package Manager] Done checking package constraints in 0.00s seconds
[Package Manager] 
Registered 71 packages:
  Packages from [https://packages.unity.com]:
    com.unity.2d.animation@5.0.4 (location: E:\1 - Works\Unity\LudumDare48\LudumDare48_clone\Library\PackageCache\com.unity.2d.animation@5.0.4)
    com.unity.2d.pixel-perfect@4.0.1 (location: E:\1 - Works\Unity\LudumDare48\LudumDare48_clone\Library\PackageCache\com.unity.2d.pixel-perfect@4.0.1)
    com.unity.2d.psdimporter@4.0.2 (location: E:\1 - Works\Unity\LudumDare48\LudumDare48_clone\Library\PackageCache\com.unity.2d.psdimporter@4.0.2)
    com.unity.2d.spriteshape@5.1.1 (location: E:\1 - Works\Unity\LudumDare48\LudumDare48_clone\Library\PackageCache\com.unity.2d.spriteshape@5.1.1)
    com.unity.2d.tilemap.extras@1.6.4-preview (location: E:\1 - Works\Unity\LudumDare48\LudumDare48_clone\Library\PackageCache\com.unity.2d.tilemap.extras@1.6.4-preview)
    com.unity.burst@1.4.7 (location: E:\1 - Works\Unity\LudumDare48\LudumDare48_clone\Library\PackageCache\com.unity.burst@1.4.7)
    com.unity.cinemachine@2.6.4 (location: E:\1 - Works\Unity\LudumDare48\LudumDare48_clone\Library\PackageCache\com.unity.cinemachine@2.6.4)
    com.unity.collab-proxy@1.3.9 (location: E:\1 - Works\Unity\LudumDare48\LudumDare48_clone\Library\PackageCache\com.unity.collab-proxy@1.3.9)
    com.unity.connect.share@4.2.2 (location: E:\1 - Works\Unity\LudumDare48\LudumDare48_clone\Library\PackageCache\com.unity.connect.share@4.2.2)
    com.unity.ide.rider@2.0.7 (location: E:\1 - Works\Unity\LudumDare48\LudumDare48_clone\Library\PackageCache\com.unity.ide.rider@2.0.7)
    com.unity.ide.visualstudio@2.0.7 (location: E:\1 - Works\Unity\LudumDare48\LudumDare48_clone\Library\PackageCache\com.unity.ide.visualstudio@2.0.7)
    com.unity.ide.vscode@1.2.3 (location: E:\1 - Works\Unity\LudumDare48\LudumDare48_clone\Library\PackageCache\com.unity.ide.vscode@1.2.3)
    com.unity.inputsystem@1.0.2 (location: E:\1 - Works\Unity\LudumDare48\LudumDare48_clone\Library\PackageCache\com.unity.inputsystem@1.0.2)
    com.unity.performance.profile-analyzer@1.0.3 (location: E:\1 - Works\Unity\LudumDare48\LudumDare48_clone\Library\PackageCache\com.unity.performance.profile-analyzer@1.0.3)
    com.unity.postprocessing@3.0.3 (location: E:\1 - Works\Unity\LudumDare48\LudumDare48_clone\Library\PackageCache\com.unity.postprocessing@3.0.3)
    com.unity.quicksearch@2.0.2 (location: E:\1 - Works\Unity\LudumDare48\LudumDare48_clone\Library\PackageCache\com.unity.quicksearch@2.0.2)
    com.unity.render-pipelines.universal@10.3.2 (location: E:\1 - Works\Unity\LudumDare48\LudumDare48_clone\Library\PackageCache\com.unity.render-pipelines.universal@10.3.2)
    com.unity.scriptablebuildpipeline@1.14.1 (location: E:\1 - Works\Unity\LudumDare48\LudumDare48_clone\Library\PackageCache\com.unity.scriptablebuildpipeline@1.14.1)
    com.unity.shadergraph@10.3.2 (location: E:\1 - Works\Unity\LudumDare48\LudumDare48_clone\Library\PackageCache\com.unity.shadergraph@10.3.2)
    com.unity.test-framework@1.1.22 (location: E:\1 - Works\Unity\LudumDare48\LudumDare48_clone\Library\PackageCache\com.unity.test-framework@1.1.22)
    com.unity.textmeshpro@3.0.6 (location: E:\1 - Works\Unity\LudumDare48\LudumDare48_clone\Library\PackageCache\com.unity.textmeshpro@3.0.6)
    com.unity.timeline@1.4.6 (location: E:\1 - Works\Unity\LudumDare48\LudumDare48_clone\Library\PackageCache\com.unity.timeline@1.4.6)
    com.unity.toolchain.win-x86_64-linux-x86_64@0.1.19-preview (location: E:\1 - Works\Unity\LudumDare48\LudumDare48_clone\Library\PackageCache\com.unity.toolchain.win-x86_64-linux-x86_64@0.1.19-preview)
    com.unity.sysroot@0.1.19-preview (location: E:\1 - Works\Unity\LudumDare48\LudumDare48_clone\Library\PackageCache\com.unity.sysroot@0.1.19-preview)
    com.unity.sysroot.linux-x86_64@0.1.14-preview (location: E:\1 - Works\Unity\LudumDare48\LudumDare48_clone\Library\PackageCache\com.unity.sysroot.linux-x86_64@0.1.14-preview)
    com.unity.ext.nunit@1.0.6 (location: E:\1 - Works\Unity\LudumDare48\LudumDare48_clone\Library\PackageCache\com.unity.ext.nunit@1.0.6)
    com.unity.render-pipelines.core@10.3.2 (location: E:\1 - Works\Unity\LudumDare48\LudumDare48_clone\Library\PackageCache\com.unity.render-pipelines.core@10.3.2)
    com.unity.searcher@4.3.1 (location: E:\1 - Works\Unity\LudumDare48\LudumDare48_clone\Library\PackageCache\com.unity.searcher@4.3.1)
    com.unity.editorcoroutines@1.0.0 (location: E:\1 - Works\Unity\LudumDare48\LudumDare48_clone\Library\PackageCache\com.unity.editorcoroutines@1.0.0)
    com.unity.settings-manager@1.0.2 (location: E:\1 - Works\Unity\LudumDare48\LudumDare48_clone\Library\PackageCache\com.unity.settings-manager@1.0.2)
    com.unity.mathematics@1.2.1 (location: E:\1 - Works\Unity\LudumDare48\LudumDare48_clone\Library\PackageCache\com.unity.mathematics@1.2.1)
    com.unity.2d.common@4.0.3 (location: E:\1 - Works\Unity\LudumDare48\LudumDare48_clone\Library\PackageCache\com.unity.2d.common@4.0.3)
    com.unity.2d.path@4.0.1 (location: E:\1 - Works\Unity\LudumDare48\LudumDare48_clone\Library\PackageCache\com.unity.2d.path@4.0.1)
  Built-in packages:
    com.unity.2d.sprite@1.0.0 (location: E:\1 - Works\Unity\2020.3.1f1\Editor\Data\Resources\PackageManager\BuiltInPackages\com.unity.2d.sprite)
    com.unity.2d.tilemap@1.0.0 (location: E:\1 - Works\Unity\2020.3.1f1\Editor\Data\Resources\PackageManager\BuiltInPackages\com.unity.2d.tilemap)
    com.unity.ugui@1.0.0 (location: E:\1 - Works\Unity\2020.3.1f1\Editor\Data\Resources\PackageManager\BuiltInPackages\com.unity.ugui)
    com.unity.modules.ai@1.0.0 (location: E:\1 - Works\Unity\2020.3.1f1\Editor\Data\Resources\PackageManager\BuiltInPackages\com.unity.modules.ai)
    com.unity.modules.androidjni@1.0.0 (location: E:\1 - Works\Unity\2020.3.1f1\Editor\Data\Resources\PackageManager\BuiltInPackages\com.unity.modules.androidjni)
    com.unity.modules.animation@1.0.0 (location: E:\1 - Works\Unity\2020.3.1f1\Editor\Data\Resources\PackageManager\BuiltInPackages\com.unity.modules.animation)
    com.unity.modules.assetbundle@1.0.0 (location: E:\1 - Works\Unity\2020.3.1f1\Editor\Data\Resources\PackageManager\BuiltInPackages\com.unity.modules.assetbundle)
    com.unity.modules.audio@1.0.0 (location: E:\1 - Works\Unity\2020.3.1f1\Editor\Data\Resources\PackageManager\BuiltInPackages\com.unity.modules.audio)
    com.unity.modules.cloth@1.0.0 (location: E:\1 - Works\Unity\2020.3.1f1\Editor\Data\Resources\PackageManager\BuiltInPackages\com.unity.modules.cloth)
    com.unity.modules.director@1.0.0 (location: E:\1 - Works\Unity\2020.3.1f1\Editor\Data\Resources\PackageManager\BuiltInPackages\com.unity.modules.director)
    com.unity.modules.imageconversion@1.0.0 (location: E:\1 - Works\Unity\2020.3.1f1\Editor\Data\Resources\PackageManager\BuiltInPackages\com.unity.modules.imageconversion)
    com.unity.modules.imgui@1.0.0 (location: E:\1 - Works\Unity\2020.3.1f1\Editor\Data\Resources\PackageManager\BuiltInPackages\com.unity.modules.imgui)
    com.unity.modules.jsonserialize@1.0.0 (location: E:\1 - Works\Unity\2020.3.1f1\Editor\Data\Resources\PackageManager\BuiltInPackages\com.unity.modules.jsonserialize)
    com.unity.modules.particlesystem@1.0.0 (location: E:\1 - Works\Unity\2020.3.1f1\Editor\Data\Resources\PackageManager\BuiltInPackages\com.unity.modules.particlesystem)
    com.unity.modules.physics@1.0.0 (location: E:\1 - Works\Unity\2020.3.1f1\Editor\Data\Resources\PackageManager\BuiltInPackages\com.unity.modules.physics)
    com.unity.modules.physics2d@1.0.0 (location: E:\1 - Works\Unity\2020.3.1f1\Editor\Data\Resources\PackageManager\BuiltInPackages\com.unity.modules.physics2d)
    com.unity.modules.screencapture@1.0.0 (location: E:\1 - Works\Unity\2020.3.1f1\Editor\Data\Resources\PackageManager\BuiltInPackages\com.unity.modules.screencapture)
    com.unity.modules.terrain@1.0.0 (location: E:\1 - Works\Unity\2020.3.1f1\Editor\Data\Resources\PackageManager\BuiltInPackages\com.unity.modules.terrain)
    com.unity.modules.terrainphysics@1.0.0 (location: E:\1 - Works\Unity\2020.3.1f1\Editor\Data\Resources\PackageManager\BuiltInPackages\com.unity.modules.terrainphysics)
    com.unity.modules.tilemap@1.0.0 (location: E:\1 - Works\Unity\2020.3.1f1\Editor\Data\Resources\PackageManager\BuiltInPackages\com.unity.modules.tilemap)
    com.unity.modules.ui@1.0.0 (location: E:\1 - Works\Unity\2020.3.1f1\Editor\Data\Resources\PackageManager\BuiltInPackages\com.unity.modules.ui)
    com.unity.modules.uielements@1.0.0 (location: E:\1 - Works\Unity\2020.3.1f1\Editor\Data\Resources\PackageManager\BuiltInPackages\com.unity.modules.uielements)
    com.unity.modules.umbra@1.0.0 (location: E:\1 - Works\Unity\2020.3.1f1\Editor\Data\Resources\PackageManager\BuiltInPackages\com.unity.modules.umbra)
    com.unity.modules.unityanalytics@1.0.0 (location: E:\1 - Works\Unity\2020.3.1f1\Editor\Data\Resources\PackageManager\BuiltInPackages\com.unity.modules.unityanalytics)
    com.unity.modules.unitywebrequest@1.0.0 (location: E:\1 - Works\Unity\2020.3.1f1\Editor\Data\Resources\PackageManager\BuiltInPackages\com.unity.modules.unitywebrequest)
    com.unity.modules.unitywebrequestassetbundle@1.0.0 (location: E:\1 - Works\Unity\2020.3.1f1\Editor\Data\Resources\PackageManager\BuiltInPackages\com.unity.modules.unitywebrequestassetbundle)
    com.unity.modules.unitywebrequestaudio@1.0.0 (location: E:\1 - Works\Unity\2020.3.1f1\Editor\Data\Resources\PackageManager\BuiltInPackages\com.unity.modules.unitywebrequestaudio)
    com.unity.modules.unitywebrequesttexture@1.0.0 (location: E:\1 - Works\Unity\2020.3.1f1\Editor\Data\Resources\PackageManager\BuiltInPackages\com.unity.modules.unitywebrequesttexture)
    com.unity.modules.unitywebrequestwww@1.0.0 (location: E:\1 - Works\Unity\2020.3.1f1\Editor\Data\Resources\PackageManager\BuiltInPackages\com.unity.modules.unitywebrequestwww)
    com.unity.modules.vehicles@1.0.0 (location: E:\1 - Works\Unity\2020.3.1f1\Editor\Data\Resources\PackageManager\BuiltInPackages\com.unity.modules.vehicles)
    com.unity.modules.video@1.0.0 (location: E:\1 - Works\Unity\2020.3.1f1\Editor\Data\Resources\PackageManager\BuiltInPackages\com.unity.modules.video)
    com.unity.modules.vr@1.0.0 (location: E:\1 - Works\Unity\2020.3.1f1\Editor\Data\Resources\PackageManager\BuiltInPackages\com.unity.[Subsystems] No new subsystems found in resolved package list.
[Package Manager] Done registering packages in 0.00s seconds
[Package Manager] Lock file was modified
Refreshing native plugins compatible for Editor in 475.26 ms, found 3 plugins.
Preloading 0 native plugins for Editor in 0.00 ms.
Initialize engine version: 2020.3.1f1 (77a89f25062f)
[Subsystems] Discovering subsystems at path E:/1 - Works/Unity/2020.3.1f1/Editor/Data/Resources/UnitySubsystems
[Subsystems] Discovering subsystems at path E:/1 - Works/Unity/LudumDare48/LudumDare48_clone/Assets
GfxDevice: creating device client; threaded=0
Direct3D:
    Version:  Direct3D 11.0 [level 11.1]
    Renderer: NVIDIA GeForce RTX 2070 SUPER (ID=0x1e84)
    Vendor:   
    VRAM:     8011 MB
    Driver:   27.21.14.6192
Shader 'Universal Render Pipeline/Particles/Lit': fallback shader 'Universal Render Pipeline/Particles/SimpleLit' not found
Initialize mono
Mono path[0] = 'E:/1 - Works/Unity/2020.3.1f1/Editor/Data/Managed'
Mono path[1] = 'E:/1 - Works/Unity/2020.3.1f1/Editor/Data/MonoBleedingEdge/lib/mono/unityjit'
Mono config path = 'E:/1 - Works/Unity/2020.3.1f1/Editor/Data/MonoBleedingEdge/etc'
Using monoOptions --debugger-agent=transport=dt_socket,embedding=1,server=y,suspend=n,address=127.0.0.1:56068
AcceleratorClientConnectionCallback - disconnected - :0
Begin MonoManager ReloadAssembly
Registering precompiled unity dll's ...
Register platform support module: E:/1 - Works/Unity/2020.3.1f1/Editor/Data/PlaybackEngines/WebGLSupport/UnityEditor.WebGL.Extensions.dll
Register platform support module: E:/1 - Works/Unity/2020.3.1f1/Editor/Data/PlaybackEngines/MacStandaloneSupport/UnityEditor.OSXStandalone.Extensions.dll
Register platform support module: E:/1 - Works/Unity/2020.3.1f1/Editor/Data/PlaybackEngines/AndroidPlayer/UnityEditor.Android.Extensions.dll
Register platform support module: E:/1 - Works/Unity/2020.3.1f1/Editor/Data/PlaybackEngines/iOSSupport/UnityEditor.iOS.Extensions.dll
Register platform support module: E:/1 - Works/Unity/2020.3.1f1/Editor/Data/PlaybackEngines/AppleTVSupport/UnityEditor.AppleTV.Extensions.dll
Register platform support module: E:/1 - Works/Unity/2020.3.1f1/Editor/Data/PlaybackEngines/WindowsStandaloneSupport/UnityEditor.WindowsStandalone.Extensions.dll
Register platform support module: E:/1 - Works/Unity/2020.3.1f1/Editor/Data/PlaybackEngines/LinuxStandaloneSupport/UnityEditor.LinuxStandalone.Extensions.dll
Register platform support module: E:/1 - Works/Unity/2020.3.1f1/Editor/Data/PlaybackEngines/MetroSupport/UnityEditor.UWP.Extensions.dll
Registered in 0.043585 seconds.
Native extension for UWP target not found
Native extension for LinuxStandalone target not found
Native extension for WindowsStandalone target not found
Native extension for AppleTV target not found
Native extension for iOS target not found
Native extension for Android target not found
Native extension for OSXStandalone target not found
Native extension for WebGL target not found
Refreshing native plugins compatible for Editor in 128.02 ms, found 3 plugins.
Preloading 0 native plugins for Editor in 0.00 ms.
Invoked RoslynAnalysisRunner static constructor.
RoslynAnalysisRunner will not be running.
RoslynAnalysisRunner has terminated.
Mono: successfully reloaded assembly
- Completed reload, in  4.250 seconds
Platform modules already initialized, skipping
Validating Project structure ... 0.022562 seconds.
Shader import version has changed; will reimport all shaders...
Upgrading shader files ...0.087253 seconds.
Application.AssetDatabase Initial Script Refresh Start
Disabling directory monitoring for current editor session. Found symlinks in project which cannot be used with directory monitoring. Directory monitoring settings can be changed in preferences.

AcceleratorClientConnectionCallback - disconnected - :0
